2023.05.23 10:18:45 INFO  Started: Metals version 0.11.12 in workspace '/opt/lampp/htdocs/occupancy_chart/Occupancy_chart' for client Visual Studio Code 1.76.0.
May 23, 2023 10:18:45 AM org.flywaydb.core.internal.license.VersionPrinter printVersionOnly
INFO: Flyway Community Edition 9.16.3 by Redgate
May 23, 2023 10:18:45 AM org.flywaydb.core.internal.license.VersionPrinter printVersion
INFO: See release notes here: https://rd.gt/416ObMi
May 23, 2023 10:18:45 AM org.flywaydb.core.internal.license.VersionPrinter printVersion
INFO: 
May 23, 2023 10:18:45 AM org.flywaydb.core.internal.database.base.BaseDatabaseType createDatabase
INFO: Database: jdbc:h2:file:/opt/lampp/htdocs/occupancy_chart/Occupancy_chart/.metals/metals (H2 2.1)
May 23, 2023 10:18:45 AM org.flywaydb.core.internal.schemahistory.JdbcTableSchemaHistory allAppliedMigrations
INFO: Schema history table "PUBLIC"."flyway_schema_history" does not exist yet
May 23, 2023 10:18:45 AM org.flywaydb.core.internal.command.DbValidate validate
INFO: Successfully validated 4 migrations (execution time 00:00.008s)
May 23, 2023 10:18:45 AM org.flywaydb.core.internal.schemahistory.JdbcTableSchemaHistory create
INFO: Creating Schema History table "PUBLIC"."flyway_schema_history" ...
May 23, 2023 10:18:45 AM org.flywaydb.core.internal.command.DbMigrate migrateGroup
INFO: Current version of schema "PUBLIC": << Empty Schema >>
May 23, 2023 10:18:45 AM org.flywaydb.core.internal.command.DbMigrate doMigrateGroup
INFO: Migrating schema "PUBLIC" to version "1 - Create tables"
May 23, 2023 10:18:45 AM org.flywaydb.core.internal.command.DbMigrate doMigrateGroup
INFO: Migrating schema "PUBLIC" to version "2 - Server discovery"
May 23, 2023 10:18:45 AM org.flywaydb.core.internal.command.DbMigrate doMigrateGroup
INFO: Migrating schema "PUBLIC" to version "3 - Jar symbols"
May 23, 2023 10:18:45 AM org.flywaydb.core.internal.command.DbMigrate doMigrateGroup
INFO: Migrating schema "PUBLIC" to version "4 - Fingerprints"
May 23, 2023 10:18:45 AM org.flywaydb.core.internal.command.DbMigrate logSummary
INFO: Successfully applied 4 migrations to schema "PUBLIC", now at version v4 (execution time 00:00.035s)
2023.05.23 10:18:45 INFO  time: initialize in 0.37s
2023.05.23 10:18:46 WARN  Build server is not auto-connectable.
2023.05.23 10:18:46 WARN  no build tool detected in workspace '/opt/lampp/htdocs/occupancy_chart/Occupancy_chart'. The most common cause for this problem is that the editor was opened in the wrong working directory, for example if you use sbt then the workspace directory should contain build.sbt. 
2023.05.23 10:18:46 WARN  no build target for: /home/ruthvik/Documents/amrita/sem6/ppl/scala/code_practice/pracscal.scala
2023.05.23 10:18:47 WARN  no build target for: /home/ruthvik/Documents/amrita/sem6/ppl/scala/code_practice/pracscal.scala
May 23, 2023 10:18:47 AM org.eclipse.lsp4j.jsonrpc.RemoteEndpoint handleCancellation
WARNING: Unmatched cancel notification for request id 2
2023.05.23 10:18:51 INFO  no build target found for /home/ruthvik/Documents/amrita/sem6/ppl/scala/code_practice/pracscal.scala. Using presentation compiler with project's scala-library version: 3.2.2
2023.05.23 10:18:52 INFO  time: code lens generation in 5.15s
2023.05.23 14:47:42 INFO  Shutting down server
2023.05.23 14:47:42 INFO  shutting down Metals
2023.05.23 14:47:42 INFO  Exiting server
